This is LuaTeX, Version 1.0.4 (MiKTeX 2.9.6360 NEXT 64-bit)  (format=luatex 2017.8.6)  26 JAN 2018 11:52
 restricted system commands enabled.
**samplepdf.tex
(./samplepdf.tex
! Undefined control sequence.
l.144 \pdfoutput
              =1
The control sequence at the end of the top line
of your error message was never \def'ed. If you have
misspelled it (e.g., `\hobx'), type `I' and the correct
spelling (e.g., `I\hbox'). Otherwise just continue,
and I'll forget about whatever was undefined.

! Undefined control sequence.
\pdfsetcolor #1->\pdfliteral 
                             {#1 k}
l.146 \pdfsetcolor{\maincolor}
                            
The control sequence at the end of the top line
of your error message was never \def'ed. If you have
misspelled it (e.g., `\hobx'), type `I' and the correct
spelling (e.g., `I\hbox'). Otherwise just continue,
and I'll forget about whatever was undefined.

! Undefined control sequence.
l.214 \pdfcompresslevel
                     =0     % compression level for text and image; allowed
The control sequence at the end of the top line
of your error message was never \def'ed. If you have
misspelled it (e.g., `\hobx'), type `I' and the correct
spelling (e.g., `I\hbox'). Otherwise just continue,
and I'll forget about whatever was undefined.

! Undefined control sequence.
\ifversion #1.#2#3#4 ->\ifnum \pdftexversion 
                                             <#1#2#3 \notsupported \else \su...
l.224 \ifversion 1.40.0
                     
The control sequence at the end of the top line
of your error message was never \def'ed. If you have
misspelled it (e.g., `\hobx'), type `I' and the correct
spelling (e.g., `I\hbox'). Otherwise just continue,
and I'll forget about whatever was undefined.

! Missing number, treated as zero.
<to be read again> 
<
\ifversion #1.#2#3#4 ->\ifnum \pdftexversion <
                                              #1#2#3 \notsupported \else \su...
l.224 \ifversion 1.40.0
                     
A number should have been here; I inserted `0'.
(If you can't figure out why I needed to see a number,
look up `weird error' in the index to The TeXbook.)

! Undefined control sequence.
l.230 \pdfdecimaldigits
                     =3     % number of digits after decimal point for real
The control sequence at the end of the top line
of your error message was never \def'ed. If you have
misspelled it (e.g., `\hobx'), type `I' and the correct
spelling (e.g., `I\hbox'). Otherwise just continue,
and I'll forget about whatever was undefined.

! Undefined control sequence.
l.240 \pdfpkresolution
                    =300    % resolution for bitmap (PK) fonts; allowed values
The control sequence at the end of the top line
of your error message was never \def'ed. If you have
misspelled it (e.g., `\hobx'), type `I' and the correct
spelling (e.g., `I\hbox'). Otherwise just continue,
and I'll forget about whatever was undefined.

! Undefined control sequence.
l.243 \pdfuniqueresname
                     =0     % positive value turns on prepending unique
The control sequence at the end of the top line
of your error message was never \def'ed. If you have
misspelled it (e.g., `\hobx'), type `I' and the correct
spelling (e.g., `I\hbox'). Otherwise just continue,
and I'll forget about whatever was undefined.

! Undefined control sequence.
l.250 \pdfhorigin
               =1in         % horizontal origin (offset);
The control sequence at the end of the top line
of your error message was never \def'ed. If you have
misspelled it (e.g., `\hobx'), type `I' and the correct
spelling (e.g., `I\hbox'). Otherwise just continue,
and I'll forget about whatever was undefined.

! Undefined control sequence.
l.254 \pdfvorigin
               =1in         % vertical origin (offset); similar to \pdfhorigin,
The control sequence at the end of the top line
of your error message was never \def'ed. If you have
misspelled it (e.g., `\hobx'), type `I' and the correct
spelling (e.g., `I\hbox'). Otherwise just continue,
and I'll forget about whatever was undefined.

! Undefined control sequence.
l.258 \pdfpagewidth
                 =8.5in     % paper size of the pdf output (letter in this c...
The control sequence at the end of the top line
of your error message was never \def'ed. If you have
misspelled it (e.g., `\hobx'), type `I' and the correct
spelling (e.g., `I\hbox'). Otherwise just continue,
and I'll forget about whatever was undefined.

! Undefined control sequence.
l.259 \pdfpageheight
                  =11in
The control sequence at the end of the top line
of your error message was never \def'ed. If you have
misspelled it (e.g., `\hobx'), type `I' and the correct
spelling (e.g., `I\hbox'). Otherwise just continue,
and I'll forget about whatever was undefined.

! Undefined control sequence.
l.261 \pdflinkmargin
                  =1pt      % margin added to dimensions of link (see below)
The control sequence at the end of the top line
of your error message was never \def'ed. If you have
misspelled it (e.g., `\hobx'), type `I' and the correct
spelling (e.g., `I\hbox'). Otherwise just continue,
and I'll forget about whatever was undefined.

! Undefined control sequence.
l.263 \pdfdestmargin
                  =10pt     % margin added to dimensions of destination (see
The control sequence at the end of the top line
of your error message was never \def'ed. If you have
misspelled it (e.g., `\hobx'), type `I' and the correct
spelling (e.g., `I\hbox'). Otherwise just continue,
and I'll forget about whatever was undefined.

! Undefined control sequence.
l.266 \pdfthreadmargin
                    =1em    % margin added to dimensions of bead in article ...
The control sequence at the end of the top line
of your error message was never \def'ed. If you have
misspelled it (e.g., `\hobx'), type `I' and the correct
spelling (e.g., `I\hbox'). Otherwise just continue,
and I'll forget about whatever was undefined.

! Undefined control sequence.
l.271 \pdfpagesattr
                 ={/MyPageAttribute /MyValue}
The control sequence at the end of the top line
of your error message was never \def'ed. If you have
misspelled it (e.g., `\hobx'), type `I' and the correct
spelling (e.g., `I\hbox'). Otherwise just continue,
and I'll forget about whatever was undefined.

! Undefined control sequence.
l.275 \pdfpageattr
                ={/MyPagesAttribute /MyValue}
The control sequence at the end of the top line
of your error message was never \def'ed. If you have
misspelled it (e.g., `\hobx'), type `I' and the correct
spelling (e.g., `I\hbox'). Otherwise just continue,
and I'll forget about whatever was undefined.

! Undefined control sequence.
l.280 \pdfpageresources
                     {/MyPageResourceAttribute /MyValue}
The control sequence at the end of the top line
of your error message was never \def'ed. If you have
misspelled it (e.g., `\hobx'), type `I' and the correct
spelling (e.g., `I\hbox'). Otherwise just continue,
and I'll forget about whatever was undefined.

! Undefined control sequence.
\ifversion #1.#2#3#4 ->\ifnum \pdftexversion 
                                             <#1#2#3 \notsupported \else \su...
l.285 \ifversion 1.30.0 
                      \else
The control sequence at the end of the top line
of your error message was never \def'ed. If you have
misspelled it (e.g., `\hobx'), type `I' and the correct
spelling (e.g., `I\hbox'). Otherwise just continue,
and I'll forget about whatever was undefined.

! Missing number, treated as zero.
<to be read again> 
<
\ifversion #1.#2#3#4 ->\ifnum \pdftexversion <
                                              #1#2#3 \notsupported \else \su...
l.285 \ifversion 1.30.0 
                      \else
A number should have been here; I inserted `0'.
(If you can't figure out why I needed to see a number,
look up `weird error' in the index to The TeXbook.)

! Undefined control sequence.
l.289 \pdfforcepagebox
                    =0        % a page box of PDF inclusions to be used
The control sequence at the end of the top line
of your error message was never \def'ed. If you have
misspelled it (e.g., `\hobx'), type `I' and the correct
spelling (e.g., `I\hbox'). Otherwise just continue,
and I'll forget about whatever was undefined.

! Undefined control sequence.
\ifversion #1.#2#3#4 ->\ifnum \pdftexversion 
                                             <#1#2#3 \notsupported \else \su...
l.294 \ifversion 1.30.0 
                      \else
The control sequence at the end of the top line
of your error message was never \def'ed. If you have
misspelled it (e.g., `\hobx'), type `I' and the correct
spelling (e.g., `I\hbox'). Otherwise just continue,
and I'll forget about whatever was undefined.

! Missing number, treated as zero.
<to be read again> 
<
\ifversion #1.#2#3#4 ->\ifnum \pdftexversion <
                                              #1#2#3 \notsupported \else \su...
l.294 \ifversion 1.30.0 
                      \else
A number should have been here; I inserted `0'.
(If you can't figure out why I needed to see a number,
look up `weird error' in the index to The TeXbook.)

! Undefined control sequence.
l.298 \pdfminorversion
                    =5        % version of created PDF files and allowed PDF...
The control sequence at the end of the top line
of your error message was never \def'ed. If you have
misspelled it (e.g., `\hobx'), type `I' and the correct
spelling (e.g., `I\hbox'). Otherwise just continue,
and I'll forget about whatever was undefined.

! Undefined control sequence.
\ifversion #1.#2#3#4 ->\ifnum \pdftexversion 
                                             <#1#2#3 \notsupported \else \su...
l.306 \ifversion 1.30.0 
                      \else
The control sequence at the end of the top line
of your error message was never \def'ed. If you have
misspelled it (e.g., `\hobx'), type `I' and the correct
spelling (e.g., `I\hbox'). Otherwise just continue,
and I'll forget about whatever was undefined.

! Missing number, treated as zero.
<to be read again> 
<
\ifversion #1.#2#3#4 ->\ifnum \pdftexversion <
                                              #1#2#3 \notsupported \else \su...
l.306 \ifversion 1.30.0 
                      \else
A number should have been here; I inserted `0'.
(If you can't figure out why I needed to see a number,
look up `weird error' in the index to The TeXbook.)

! Undefined control sequence.
l.310 \pdfinclusionerrorlevel
                           =0 % If the version of included PDF is greater than
The control sequence at the end of the top line
of your error message was never \def'ed. If you have
misspelled it (e.g., `\hobx'), type `I' and the correct
spelling (e.g., `I\hbox'). Otherwise just continue,
and I'll forget about whatever was undefined.

! Undefined control sequence.
\ifversion #1.#2#3#4 ->\ifnum \pdftexversion 
                                             <#1#2#3 \notsupported \else \su...
l.315 \ifversion 1.30.0
                     
The control sequence at the end of the top line
of your error message was never \def'ed. If you have
misspelled it (e.g., `\hobx'), type `I' and the correct
spelling (e.g., `I\hbox'). Otherwise just continue,
and I'll forget about whatever was undefined.

! Missing number, treated as zero.
<to be read again> 
<
\ifversion #1.#2#3#4 ->\ifnum \pdftexversion <
                                              #1#2#3 \notsupported \else \su...
l.315 \ifversion 1.30.0
                     
A number should have been here; I inserted `0'.
(If you can't figure out why I needed to see a number,
look up `weird error' in the index to The TeXbook.)

! Undefined control sequence.
l.325 This is version \the\pdftexversion
                                      \ (revision \pdftexrevision) of \pdfTeX.
The control sequence at the end of the top line
of your error message was never \def'ed. If you have
misspelled it (e.g., `\hobx'), type `I' and the correct
spelling (e.g., `I\hbox'). Otherwise just continue,
and I'll forget about whatever was undefined.

! You can't use `\ ' after \the.
l.325 This is version \the\pdftexversion\ 
                                        (revision \pdftexrevision) of \pdfTeX.
I'm forgetting what you said and using zero instead.

! Undefined control sequence.
l.325 ...he\pdftexversion\ (revision \pdftexrevision
                        