This is pdfTeX, Version 3.14159265-2.6-1.40.18 (MiKTeX 2.9.6360 NEXT 64-bit) (preloaded format=pdftex 2017.9.19)  26 JAN 2018 10:52
entering extended mode
**story \\end
("C:\Program Files\MiKTeX 2.9\tex\plain\knuth-lib\story.tex" [1{C:/Users/Georgi
o/AppData/Local/MiKTeX/2.9/pdftex/config/pdftex.map}])
*
Runaway argument?
end 
! Paragraph ended before \\ was complete.
<to be read again> 
                   \par 
<*> 
    
? \\end
Type <return> to proceed, S to scroll future error messages,
R to run without stopping, Q to run quietly,
I to insert something, 
1 or ... or 9 to ignore the next 1 to 9 tokens of input,
H for help, X to quit.
? i
insert>\\end
Runaway argument?
end
! Paragraph ended before \\ was complete.
<to be read again> 
                   \par 
<*> 
    
? h
I suspect you've forgotten a `}', causing me to apply this
control sequence to too much text. How can we recover?
My plan is to forget the whole thing and hope for the best.

? 
(Please type a command or say `\end')
*
(Please type a command or say `\end')
*i

*
(Please type a command or say `\end')
*h

*r

*
! Emergency stop.
<*> r
     
End of file on the terminal!

!  ==> Fatal error occurred, no output PDF file produced!
